<?xml version="1.0" encoding="UTF-8"?>
<testng-results skipped="0" failed="0" total="1" passed="1">
  <reporter-output>
  </reporter-output>
  <suite name="DDoS Security Suite" duration-ms="14308" started-at="2017-04-05T19:55:09Z" finished-at="2017-04-05T19:55:24Z">
    <groups>
    </groups>
    <test name="DDOS Security Test" duration-ms="14308" started-at="2017-04-05T19:55:09Z" finished-at="2017-04-05T19:55:24Z">
      <class name="com.tests.project.security.DDoS_SecurityTests">
        <test-method status="PASS" signature="testSubmitDDoSConfiguration()[pri:0, instance:com.tests.project.security.DDoS_SecurityTests@64cee07]" name="testSubmitDDoSConfiguration" duration-ms="14292" started-at="2017-04-06T01:25:09Z" finished-at="2017-04-06T01:25:24Z">
          <reporter-output>
          </reporter-output>
        </test-method> <!-- testSubmitDDoSConfiguration -->
        <test-method status="PASS" signature="killBrowser()[pri:0, instance:com.tests.project.security.DDoS_SecurityTests@64cee07]" name="killBrowser" is-config="true" duration-ms="1452" started-at="2017-04-06T01:25:24Z" finished-at="2017-04-06T01:25:25Z">
          <reporter-output>
          </reporter-output>
        </test-method> <!-- killBrowser -->
      </class> <!-- com.tests.project.security.DDoS_SecurityTests -->
    </test> <!-- DDOS Security Test -->
  </suite> <!-- DDoS Security Suite -->
</testng-results>
